<?xml version="1.0" encoding="UTF-8"?>
<!-- Generated by org.testng.reporters.JUnitReportReporter -->
<testsuite hostname="DESKTOP-QV8R97I" failures="0" tests="1" name="assign.runner" time="19.489" errors="0" timestamp="2024-08-07T13:53:54 IST" skipped="0">
  <testcase classname="assign.runner" name="pom" time="19.489"/>
  <system-out/>
</testsuite> <!-- assign.runner -->
