<?xml version="1.0" encoding="UTF-8"?>
<!-- Generated by org.testng.reporters.JUnitReportReporter -->
<testsuite hostname="DESKTOP-QV8R97I" failures="0" tests="1" name="POM.facebook" time="10.667" errors="0" timestamp="2024-08-06T13:57:13 IST" skipped="0">
  <testcase classname="POM.facebook" name="PageModel1" time="10.667"/>
  <system-out/>
</testsuite> <!-- POM.facebook -->
