<?xml version="1.0" encoding="UTF-8"?>
<!-- Generated by org.testng.reporters.JUnitReportReporter -->
<testsuite hostname="DESKTOP-QV8R97I" failures="0" tests="2" name="Assertion.Runner2" time="163.209" errors="0" timestamp="2024-08-05T15:40:50 IST" skipped="0">
  <testcase classname="Assertion.Runner2" name="rundata" time="48.321"/>
  <system-out/>
  <testcase classname="Assertion.Runner2" name="rundata1" time="114.888"/>
  <system-out/>
</testsuite> <!-- Assertion.Runner2 -->
