<?xml version="1.0" encoding="UTF-8"?>
<!-- Generated by org.testng.reporters.JUnitReportReporter -->
<testsuite hostname="DESKTOP-QV8R97I" failures="0" tests="1" name="POM.Runnerclass" time="7.947" errors="0" timestamp="2024-08-06T14:06:02 IST" skipped="0">
  <testcase classname="POM.Runnerclass" name="PageModel1" time="7.947"/>
  <system-out/>
</testsuite> <!-- POM.Runnerclass -->
