<?xml version="1.0" encoding="UTF-8"?>
<!-- Generated by org.testng.reporters.JUnitReportReporter -->
<testsuite hostname="DESKTOP-QV8R97I" failures="0" tests="2" name="qsp2.demo1" time="0.020" errors="0" timestamp="2024-08-07T17:21:17 IST" skipped="0">
  <testcase classname="qsp2.demo1" name="test1" time="0.019"/>
  <system-out>
    <![CDATA[Blue]]>
  </system-out>
  <testcase classname="qsp2.demo1" name="test3" time="0.001"/>
  <system-out>
    <![CDATA[green]]>
  </system-out>
</testsuite> <!-- qsp2.demo1 -->
