<?xml version="1.0" encoding="UTF-8"?>
<!-- Generated by org.testng.reporters.JUnitReportReporter -->
<testsuite hostname="DESKTOP-QV8R97I" failures="0" tests="2" name="conceptsall.invocation$priority" time="0.015" errors="0" timestamp="2024-08-01T15:37:10 IST" skipped="1">
  <testcase classname="conceptsall.invocation$priority" name="abc" time="0.015"/>
  <system-out>
    <![CDATA[Asia]]>
  </system-out>
  <testcase classname="conceptsall.invocation$priority" name="demo">
    <skipped/>
  </testcase> <!-- demo -->
  <system-out/>
</testsuite> <!-- conceptsall.invocation$priority -->
