<?xml version="1.0" encoding="UTF-8"?>
<!-- Generated by org.testng.reporters.JUnitReportReporter -->
<testsuite hostname="DESKTOP-QV8R97I" failures="0" tests="2" name="conceptsall.priority" time="0.018" errors="0" timestamp="2024-08-01T15:33:49 IST" skipped="0">
  <testcase classname="conceptsall.priority" name="abc" time="0.016"/>
  <system-out>
    <![CDATA[Asia]]>
  </system-out>
  <testcase classname="conceptsall.priority" name="demo" time="0.002"/>
  <system-out>
    <![CDATA[india]]>
  </system-out>
</testsuite> <!-- conceptsall.priority -->
