<?xml version="1.0" encoding="UTF-8"?>
<!-- Generated by org.testng.reporters.JUnitReportReporter -->
<testsuite hostname="DESKTOP-QV8R97I" failures="0" tests="5" name="conceptsall.multipletimes$multiple" time="0.021" errors="0" timestamp="2024-08-01T15:36:17 IST" skipped="0">
  <testcase classname="conceptsall.multipletimes$multiple" name="demo" time="0.003"/>
  <system-out>
    <![CDATA[india]]>
  </system-out>
  <testcase classname="conceptsall.multipletimes$multiple" name="demo" time="0.001"/>
  <system-out>
    <![CDATA[india]]>
  </system-out>
  <testcase classname="conceptsall.multipletimes$multiple" name="demo" time="0.002"/>
  <system-out>
    <![CDATA[india]]>
  </system-out>
  <testcase classname="conceptsall.multipletimes$multiple" name="demo" time="0.013"/>
  <system-out>
    <![CDATA[india]]>
  </system-out>
  <testcase classname="conceptsall.multipletimes$multiple" name="abc" time="0.002"/>
  <system-out>
    <![CDATA[Asia]]>
  </system-out>
</testsuite> <!-- conceptsall.multipletimes$multiple -->
