<?xml version="1.0" encoding="UTF-8"?>
<!-- Generated by org.testng.reporters.JUnitReportReporter -->
<testsuite hostname="DESKTOP-QV8R97I" failures="0" tests="1" name="qsp1.def" time="0.007" errors="0" timestamp="2024-08-07T17:22:46 IST" skipped="0">
  <testcase classname="qsp1.def" name="test4" time="0.007"/>
  <system-out>
    <![CDATA[Pink]]>
  </system-out>
</testsuite> <!-- qsp1.def -->
